0 info it worked if it ends with ok
1 verbose cli [ 'C:\\Program Files\\nodejs\\node.exe',
1 verbose cli   'C:\\Program Files\\nodejs\\node_modules\\npm\\bin\\npm-cli.js',
1 verbose cli   'run',
1 verbose cli   'start:chrome' ]
2 info using npm@3.10.10
3 info using node@v6.10.3
4 verbose run-script [ 'prestart:chrome', 'start:chrome', 'poststart:chrome' ]
5 info lifecycle webpack-webextension@0.0.1~prestart:chrome: webpack-webextension@0.0.1
6 silly lifecycle webpack-webextension@0.0.1~prestart:chrome: no script for prestart:chrome, continuing
7 info lifecycle webpack-webextension@0.0.1~start:chrome: webpack-webextension@0.0.1
8 verbose lifecycle webpack-webextension@0.0.1~start:chrome: unsafe-perm in lifecycle true
9 verbose lifecycle webpack-webextension@0.0.1~start:chrome: PATH: C:\Program Files\nodejs\node_modules\npm\bin\node-gyp-bin;E:\work\code\templates\web_extensions_webpack\node_modules\.bin;C:\ProgramData\Oracle\Java\javapath;C:\Program Files (x86)\Common Files\Intel\Shared Files\cpp\bin\Intel64;C:\WINDOWS\system32;C:\WINDOWS;C:\WINDOWS\System32\Wbem;C:\WINDOWS\System32\WindowsPowerShell\v1.0\;C:\WINDOWS\system32\config\systemprofile\.dnx\bin;C:\Program Files\Microsoft DNX\Dnvm\;C:\Program Files\Microsoft SQL Server\120\Tools\Binn\;C:\Program Files\Microsoft SQL Server\130\Tools\Binn\;C:\Program Files (x86)\Windows Kits\10\Windows Performance Toolkit\;C:\Program Files\Git\cmd;C:\ProgramData\Anaconda3;C:\ProgramData\Anaconda3\Scripts;C:\ProgramData\Anaconda3\Library\bin;C:\Program Files (x86)\Skype\Phone\;C:\Program Files (x86)\Yarn\bin;C:\Program Files\nodejs\;C:\Ruby23\bin;C:\Users\pusti\AppData\Local\Programs\Python\Python35-32\Scripts\;C:\Users\pusti\AppData\Local\Programs\Python\Python35-32\;C:\Program Files (x86)\Microsoft VS Code\bin;E:\portable_progs\phantomjs-2.1.1-windows\bin;C:\Users\pusti\AppData\Local\Microsoft\WindowsApps;C:\Users\pusti\AppData\Local\Android\android-sdk\platform-tools;C:\Users\pusti\AppData\Local\Android\android-sdk\tools;C:\Program Files\Heroku\bin;C:\Users\pusti\AppData\Local\Yarn\bin;C:\Users\pusti\AppData\Roaming\npm;
10 verbose lifecycle webpack-webextension@0.0.1~start:chrome: CWD: E:\work\code\templates\web_extensions_webpack
11 silly lifecycle webpack-webextension@0.0.1~start:chrome: Args: [ '/d /s /c', 'npm run watch' ]
12 silly lifecycle webpack-webextension@0.0.1~start:chrome: Returned: code: 1  signal: null
13 info lifecycle webpack-webextension@0.0.1~start:chrome: Failed to exec start:chrome script
14 verbose stack Error: webpack-webextension@0.0.1 start:chrome: `npm run watch`
14 verbose stack Exit status 1
14 verbose stack     at EventEmitter.<anonymous> (C:\Program Files\nodejs\node_modules\npm\lib\utils\lifecycle.js:255:16)
14 verbose stack     at emitTwo (events.js:106:13)
14 verbose stack     at EventEmitter.emit (events.js:191:7)
14 verbose stack     at ChildProcess.<anonymous> (C:\Program Files\nodejs\node_modules\npm\lib\utils\spawn.js:40:14)
14 verbose stack     at emitTwo (events.js:106:13)
14 verbose stack     at ChildProcess.emit (events.js:191:7)
14 verbose stack     at maybeClose (internal/child_process.js:886:16)
14 verbose stack     at Process.ChildProcess._handle.onexit (internal/child_process.js:226:5)
15 verbose pkgid webpack-webextension@0.0.1
16 verbose cwd E:\work\code\templates\web_extensions_webpack
17 error Windows_NT 10.0.15063
18 error argv "C:\\Program Files\\nodejs\\node.exe" "C:\\Program Files\\nodejs\\node_modules\\npm\\bin\\npm-cli.js" "run" "start:chrome"
19 error node v6.10.3
20 error npm  v3.10.10
21 error code ELIFECYCLE
22 error webpack-webextension@0.0.1 start:chrome: `npm run watch`
22 error Exit status 1
23 error Failed at the webpack-webextension@0.0.1 start:chrome script 'npm run watch'.
23 error Make sure you have the latest version of node.js and npm installed.
23 error If you do, this is most likely a problem with the webpack-webextension package,
23 error not with npm itself.
23 error Tell the author that this fails on your system:
23 error     npm run watch
23 error You can get information on how to open an issue for this project with:
23 error     npm bugs webpack-webextension
23 error Or if that isn't available, you can get their info via:
23 error     npm owner ls webpack-webextension
23 error There is likely additional logging output above.
24 verbose exit [ 1, true ]
